{"/home/yo/lessons-code/lesson-68/app.js": {"path":"/home/yo/lessons-code/lesson-68/app.js","statementMap":{"0":{"start":{"line":1,"column":12},"end":{"line":3,"column":3}},"1":{"start":{"line":2,"column":4},"end":{"line":2,"column":17}},"2":{"start":{"line":6,"column":10},"end":{"line":10,"column":1}},"3":{"start":{"line":7,"column":4},"end":{"line":7,"column":18}},"4":{"start":{"line":9,"column":4},"end":{"line":9,"column":15}},"5":{"start":{"line":12,"column":10},"end":{"line":14,"column":1}},"6":{"start":{"line":13,"column":4},"end":{"line":13,"column":18}},"7":{"start":{"line":17,"column":0},"end":{"line":19,"column":1}}},"fnMap":{"0":{"name":"(anonymous_0)","decl":{"start":{"line":1,"column":12},"end":{"line":1,"column":13}},"loc":{"start":{"line":1,"column":22},"end":{"line":3,"column":3}},"line":1},"1":{"name":"(anonymous_1)","decl":{"start":{"line":6,"column":10},"end":{"line":6,"column":11}},"loc":{"start":{"line":6,"column":17},"end":{"line":10,"column":1}},"line":6},"2":{"name":"(anonymous_2)","decl":{"start":{"line":12,"column":10},"end":{"line":12,"column":11}},"loc":{"start":{"line":12,"column":17},"end":{"line":14,"column":1}},"line":12}},"branchMap":{},"s":{"0":1,"1":4,"2":1,"3":0,"4":0,"5":1,"6":0,"7":1},"f":{"0":4,"1":0,"2":0},"b":{},"_coverageSchema":"1a1c01bbd47fc00a2c39e90264f33305004495a9","hash":"a8581111ce2982e509e36000342511a23918829e"}
}
